The target system is: Android - 1 - i686
The host system is: Darwin - 23.6.0 - x86_64
Compiling the C compiler identification source file "CMakeCCompilerId.c" succeeded.
Compiler: /Users/mafalda/Library/Android/sdk/ndk/27.0.12077973/toolchains/llvm/prebuilt/darwin-x86_64/bin/clang 
Build flags: -g;-DANDROID;-fdata-sections;-ffunction-sections;-funwind-tables;-fstack-protector-strong;-no-canonical-prefixes;-D_FORTIFY_SOURCE=2;-Wformat;-Werror=format-security;
Id flags: -c;--target=i686-none-linux-android26 

The output was:
0


Compilation of the C compiler identification source "CMakeCCompilerId.c" produced "CMakeCCompilerId.o"

The C compiler identification is Clang, found in "/Users/mafalda/Documents/Operator/AudioCoderAndroid/AudioCoder/.cxx/Debug/1r555n2v/x86/CMakeFiles/3.22.1/CompilerIdC/CMakeCCompilerId.o"

Compiling the CXX compiler identification source file "CMakeCXXCompilerId.cpp" succeeded.
Compiler: /Users/mafalda/Library/Android/sdk/ndk/27.0.12077973/toolchains/llvm/prebuilt/darwin-x86_64/bin/clang++ 
Build flags: -g;-DANDROID;-fdata-sections;-ffunction-sections;-funwind-tables;-fstack-protector-strong;-no-canonical-prefixes;-D_FORTIFY_SOURCE=2;-Wformat;-Werror=format-security;;
Id flags: -c;--target=i686-none-linux-android26 

The output was:
0


Compilation of the CXX compiler identification source "CMakeCXXCompilerId.cpp" produced "CMakeCXXCompilerId.o"

The CXX compiler identification is Clang, found in "/Users/mafalda/Documents/Operator/AudioCoderAndroid/AudioCoder/.cxx/Debug/1r555n2v/x86/CMakeFiles/3.22.1/CompilerIdCXX/CMakeCXXCompilerId.o"

Detecting C compiler ABI info compiled with the following output:
Change Dir: /Users/mafalda/Documents/Operator/AudioCoderAndroid/AudioCoder/.cxx/Debug/1r555n2v/x86/CMakeFiles/CMakeTmp

Run Build Command(s):/usr/local/bin/ninja cmTC_59f77 && [1/2] Building C object CMakeFiles/cmTC_59f77.dir/CMakeCCompilerABI.c.o
Android (12027248, +pgo, -bolt, +lto, -mlgo, based on r522817) clang version 18.0.1 (https://android.googlesource.com/toolchain/llvm-project d8003a456d14a3deb8054cdaa529ffbf02d9b262)
Target: i686-none-linux-android26
Thread model: posix
InstalledDir: /Users/mafalda/Library/Android/sdk/ndk/27.0.12077973/toolchains/llvm/prebuilt/darwin-x86_64/bin
 (in-process)
 "/Users/mafalda/Library/Android/sdk/ndk/27.0.12077973/toolchains/llvm/prebuilt/darwin-x86_64/bin/clang" -cc1 -triple i686-none-linux-android26 -emit-obj -mrelax-all -disable-free -clear-ast-before-backend -disable-llvm-verifier -discard-value-names -main-file-name CMakeCCompilerABI.c -mrelocation-model pic -pic-level 2 -pic-is-pie -mframe-pointer=all -ffp-contract=on -fno-rounding-math -mconstructor-aliases -funwind-tables=2 -target-cpu i686 -target-feature +ssse3 -tune-cpu generic -debug-info-kind=constructor -dwarf-version=4 -debugger-tuning=gdb -fdebug-compilation-dir=/Users/mafalda/Documents/Operator/AudioCoderAndroid/AudioCoder/.cxx/Debug/1r555n2v/x86/CMakeFiles/CMakeTmp -v -ffunction-sections -fdata-sections -fcoverage-compilation-dir=/Users/mafalda/Documents/Operator/AudioCoderAndroid/AudioCoder/.cxx/Debug/1r555n2v/x86/CMakeFiles/CMakeTmp -resource-dir /Users/mafalda/Library/Android/sdk/ndk/27.0.12077973/toolchains/llvm/prebuilt/darwin-x86_64/lib/clang/18 -dependency-file CMakeFiles/cmTC_59f77.dir/CMakeCCompilerABI.c.o.d -MT CMakeFiles/cmTC_59f77.dir/CMakeCCompilerABI.c.o -sys-header-deps -D ANDROID -D _FORTIFY_SOURCE=2 -isysroot /Users/mafalda/Library/Android/sdk/ndk/27.0.12077973/toolchains/llvm/prebuilt/darwin-x86_64/sysroot -internal-isystem /Users/mafalda/Library/Android/sdk/ndk/27.0.12077973/toolchains/llvm/prebuilt/darwin-x86_64/lib/clang/18/include -internal-isystem /Users/mafalda/Library/Android/sdk/ndk/27.0.12077973/toolchains/llvm/prebuilt/darwin-x86_64/sysroot/usr/local/include -internal-externc-isystem /Users/mafalda/Library/Android/sdk/ndk/27.0.12077973/toolchains/llvm/prebuilt/darwin-x86_64/sysroot/usr/include/i686-linux-android -internal-externc-isystem /Users/mafalda/Library/Android/sdk/ndk/27.0.12077973/toolchains/llvm/prebuilt/darwin-x86_64/sysroot/include -internal-externc-isystem /Users/mafalda/Library/Android/sdk/ndk/27.0.12077973/toolchains/llvm/prebuilt/darwin-x86_64/sysroot/usr/include -Wformat -ferror-limit 19 -femulated-tls -stack-protector 2 -fgnuc-version=4.2.1 -D__GCC_HAVE_DWARF2_CFI_ASM=1 -o CMakeFiles/cmTC_59f77.dir/CMakeCCompilerABI.c.o -x c /usr/local/Cellar/cmake/3.22.1/share/cmake/Modules/CMakeCCompilerABI.c
clang -cc1 version 18.0.1 based upon LLVM 18.0.1 default target x86_64-apple-darwin23.6.0
ignoring nonexistent directory "/Users/mafalda/Library/Android/sdk/ndk/27.0.12077973/toolchains/llvm/prebuilt/darwin-x86_64/sysroot/usr/local/include"
ignoring nonexistent directory "/Users/mafalda/Library/Android/sdk/ndk/27.0.12077973/toolchains/llvm/prebuilt/darwin-x86_64/sysroot/include"
#include "..." search starts here:
#include <...> search starts here:
 /Users/mafalda/Library/Android/sdk/ndk/27.0.12077973/toolchains/llvm/prebuilt/darwin-x86_64/lib/clang/18/include
 /Users/mafalda/Library/Android/sdk/ndk/27.0.12077973/toolchains/llvm/prebuilt/darwin-x86_64/sysroot/usr/include/i686-linux-android
 /Users/mafalda/Library/Android/sdk/ndk/27.0.12077973/toolchains/llvm/prebuilt/darwin-x86_64/sysroot/usr/include
End of search list.
[2/2] Linking C executable cmTC_59f77
Android (12027248, +pgo, -bolt, +lto, -mlgo, based on r522817) clang version 18.0.1 (https://android.googlesource.com/toolchain/llvm-project d8003a456d14a3deb8054cdaa529ffbf02d9b262)
Target: i686-none-linux-android26
Thread model: posix
InstalledDir: /Users/mafalda/Library/Android/sdk/ndk/27.0.12077973/toolchains/llvm/prebuilt/darwin-x86_64/bin
 "/Users/mafalda/Library/Android/sdk/ndk/27.0.12077973/toolchains/llvm/prebuilt/darwin-x86_64/bin/ld.lld" --sysroot=/Users/mafalda/Library/Android/sdk/ndk/27.0.12077973/toolchains/llvm/prebuilt/darwin-x86_64/sysroot -z now -z relro --hash-style=gnu --eh-frame-hdr -m elf_i386 -pie -dynamic-linker /system/bin/linker -o cmTC_59f77 /Users/mafalda/Library/Android/sdk/ndk/27.0.12077973/toolchains/llvm/prebuilt/darwin-x86_64/sysroot/usr/lib/i686-linux-android/26/crtbegin_dynamic.o -L/Users/mafalda/Library/Android/sdk/ndk/27.0.12077973/toolchains/llvm/prebuilt/darwin-x86_64/lib/clang/18/lib/linux/i386 -L/Users/mafalda/Library/Android/sdk/ndk/27.0.12077973/toolchains/llvm/prebuilt/darwin-x86_64/sysroot/usr/lib/i686-linux-android/26 -L/Users/mafalda/Library/Android/sdk/ndk/27.0.12077973/toolchains/llvm/prebuilt/darwin-x86_64/sysroot/usr/lib/i686-linux-android -L/Users/mafalda/Library/Android/sdk/ndk/27.0.12077973/toolchains/llvm/prebuilt/darwin-x86_64/sysroot/usr/lib --build-id=sha1 --no-rosegment --no-undefined-version --fatal-warnings --no-undefined CMakeFiles/cmTC_59f77.dir/CMakeCCompilerABI.c.o /Users/mafalda/Library/Android/sdk/ndk/27.0.12077973/toolchains/llvm/prebuilt/darwin-x86_64/lib/clang/18/lib/linux/libclang_rt.builtins-i686-android.a -l:libunwind.a -ldl -lc /Users/mafalda/Library/Android/sdk/ndk/27.0.12077973/toolchains/llvm/prebuilt/darwin-x86_64/lib/clang/18/lib/linux/libclang_rt.builtins-i686-android.a -l:libunwind.a -ldl /Users/mafalda/Library/Android/sdk/ndk/27.0.12077973/toolchains/llvm/prebuilt/darwin-x86_64/sysroot/usr/lib/i686-linux-android/26/crtend_android.o



Parsed C implicit include dir info from above output: rv=done
  found start of include info
  found start of implicit include info
    add: [/Users/mafalda/Library/Android/sdk/ndk/27.0.12077973/toolchains/llvm/prebuilt/darwin-x86_64/lib/clang/18/include]
    add: [/Users/mafalda/Library/Android/sdk/ndk/27.0.12077973/toolchains/llvm/prebuilt/darwin-x86_64/sysroot/usr/include/i686-linux-android]
    add: [/Users/mafalda/Library/Android/sdk/ndk/27.0.12077973/toolchains/llvm/prebuilt/darwin-x86_64/sysroot/usr/include]
  end of search list found
  collapse include dir [/Users/mafalda/Library/Android/sdk/ndk/27.0.12077973/toolchains/llvm/prebuilt/darwin-x86_64/lib/clang/18/include] ==> [/Users/mafalda/Library/Android/sdk/ndk/27.0.12077973/toolchains/llvm/prebuilt/darwin-x86_64/lib/clang/18/include]
  collapse include dir [/Users/mafalda/Library/Android/sdk/ndk/27.0.12077973/toolchains/llvm/prebuilt/darwin-x86_64/sysroot/usr/include/i686-linux-android] ==> [/Users/mafalda/Library/Android/sdk/ndk/27.0.12077973/toolchains/llvm/prebuilt/darwin-x86_64/sysroot/usr/include/i686-linux-android]
  collapse include dir [/Users/mafalda/Library/Android/sdk/ndk/27.0.12077973/toolchains/llvm/prebuilt/darwin-x86_64/sysroot/usr/include] ==> [/Users/mafalda/Library/Android/sdk/ndk/27.0.12077973/toolchains/llvm/prebuilt/darwin-x86_64/sysroot/usr/include]
  implicit include dirs: [/Users/mafalda/Library/Android/sdk/ndk/27.0.12077973/toolchains/llvm/prebuilt/darwin-x86_64/lib/clang/18/include;/Users/mafalda/Library/Android/sdk/ndk/27.0.12077973/toolchains/llvm/prebuilt/darwin-x86_64/sysroot/usr/include/i686-linux-android;/Users/mafalda/Library/Android/sdk/ndk/27.0.12077973/toolchains/llvm/prebuilt/darwin-x86_64/sysroot/usr/include]


Parsed C implicit link information from above output:
  link line regex: [^( *|.*[/\])(ld\.lld|CMAKE_LINK_STARTFILE-NOTFOUND|([^/\]+-)?ld|collect2)[^/\]*( |$)]
  ignore line: [Change Dir: /Users/mafalda/Documents/Operator/AudioCoderAndroid/AudioCoder/.cxx/Debug/1r555n2v/x86/CMakeFiles/CMakeTmp]
  ignore line: []
  ignore line: [Run Build Command(s):/usr/local/bin/ninja cmTC_59f77 && [1/2] Building C object CMakeFiles/cmTC_59f77.dir/CMakeCCompilerABI.c.o]
  ignore line: [Android (12027248  +pgo  -bolt  +lto  -mlgo  based on r522817) clang version 18.0.1 (https://android.googlesource.com/toolchain/llvm-project d8003a456d14a3deb8054cdaa529ffbf02d9b262)]
  ignore line: [Target: i686-none-linux-android26]
  ignore line: [Thread model: posix]
  ignore line: [InstalledDir: /Users/mafalda/Library/Android/sdk/ndk/27.0.12077973/toolchains/llvm/prebuilt/darwin-x86_64/bin]
  ignore line: [ (in-process)]
  ignore line: [ "/Users/mafalda/Library/Android/sdk/ndk/27.0.12077973/toolchains/llvm/prebuilt/darwin-x86_64/bin/clang" -cc1 -triple i686-none-linux-android26 -emit-obj -mrelax-all -disable-free -clear-ast-before-backend -disable-llvm-verifier -discard-value-names -main-file-name CMakeCCompilerABI.c -mrelocation-model pic -pic-level 2 -pic-is-pie -mframe-pointer=all -ffp-contract=on -fno-rounding-math -mconstructor-aliases -funwind-tables=2 -target-cpu i686 -target-feature +ssse3 -tune-cpu generic -debug-info-kind=constructor -dwarf-version=4 -debugger-tuning=gdb -fdebug-compilation-dir=/Users/mafalda/Documents/Operator/AudioCoderAndroid/AudioCoder/.cxx/Debug/1r555n2v/x86/CMakeFiles/CMakeTmp -v -ffunction-sections -fdata-sections -fcoverage-compilation-dir=/Users/mafalda/Documents/Operator/AudioCoderAndroid/AudioCoder/.cxx/Debug/1r555n2v/x86/CMakeFiles/CMakeTmp -resource-dir /Users/mafalda/Library/Android/sdk/ndk/27.0.12077973/toolchains/llvm/prebuilt/darwin-x86_64/lib/clang/18 -dependency-file CMakeFiles/cmTC_59f77.dir/CMakeCCompilerABI.c.o.d -MT CMakeFiles/cmTC_59f77.dir/CMakeCCompilerABI.c.o -sys-header-deps -D ANDROID -D _FORTIFY_SOURCE=2 -isysroot /Users/mafalda/Library/Android/sdk/ndk/27.0.12077973/toolchains/llvm/prebuilt/darwin-x86_64/sysroot -internal-isystem /Users/mafalda/Library/Android/sdk/ndk/27.0.12077973/toolchains/llvm/prebuilt/darwin-x86_64/lib/clang/18/include -internal-isystem /Users/mafalda/Library/Android/sdk/ndk/27.0.12077973/toolchains/llvm/prebuilt/darwin-x86_64/sysroot/usr/local/include -internal-externc-isystem /Users/mafalda/Library/Android/sdk/ndk/27.0.12077973/toolchains/llvm/prebuilt/darwin-x86_64/sysroot/usr/include/i686-linux-android -internal-externc-isystem /Users/mafalda/Library/Android/sdk/ndk/27.0.12077973/toolchains/llvm/prebuilt/darwin-x86_64/sysroot/include -internal-externc-isystem /Users/mafalda/Library/Android/sdk/ndk/27.0.12077973/toolchains/llvm/prebuilt/darwin-x86_64/sysroot/usr/include -Wformat -ferror-limit 19 -femulated-tls -stack-protector 2 -fgnuc-version=4.2.1 -D__GCC_HAVE_DWARF2_CFI_ASM=1 -o CMakeFiles/cmTC_59f77.dir/CMakeCCompilerABI.c.o -x c /usr/local/Cellar/cmake/3.22.1/share/cmake/Modules/CMakeCCompilerABI.c]
  ignore line: [clang -cc1 version 18.0.1 based upon LLVM 18.0.1 default target x86_64-apple-darwin23.6.0]
  ignore line: [ignoring nonexistent directory "/Users/mafalda/Library/Android/sdk/ndk/27.0.12077973/toolchains/llvm/prebuilt/darwin-x86_64/sysroot/usr/local/include"]
  ignore line: [ignoring nonexistent directory "/Users/mafalda/Library/Android/sdk/ndk/27.0.12077973/toolchains/llvm/prebuilt/darwin-x86_64/sysroot/include"]
  ignore line: [#include "..." search starts here:]
  ignore line: [#include <...> search starts here:]
  ignore line: [ /Users/mafalda/Library/Android/sdk/ndk/27.0.12077973/toolchains/llvm/prebuilt/darwin-x86_64/lib/clang/18/include]
  ignore line: [ /Users/mafalda/Library/Android/sdk/ndk/27.0.12077973/toolchains/llvm/prebuilt/darwin-x86_64/sysroot/usr/include/i686-linux-android]
  ignore line: [ /Users/mafalda/Library/Android/sdk/ndk/27.0.12077973/toolchains/llvm/prebuilt/darwin-x86_64/sysroot/usr/include]
  ignore line: [End of search list.]
  ignore line: [[2/2] Linking C executable cmTC_59f77]
  ignore line: [Android (12027248  +pgo  -bolt  +lto  -mlgo  based on r522817) clang version 18.0.1 (https://android.googlesource.com/toolchain/llvm-project d8003a456d14a3deb8054cdaa529ffbf02d9b262)]
  ignore line: [Target: i686-none-linux-android26]
  ignore line: [Thread model: posix]
  ignore line: [InstalledDir: /Users/mafalda/Library/Android/sdk/ndk/27.0.12077973/toolchains/llvm/prebuilt/darwin-x86_64/bin]
  link line: [ "/Users/mafalda/Library/Android/sdk/ndk/27.0.12077973/toolchains/llvm/prebuilt/darwin-x86_64/bin/ld.lld" --sysroot=/Users/mafalda/Library/Android/sdk/ndk/27.0.12077973/toolchains/llvm/prebuilt/darwin-x86_64/sysroot -z now -z relro --hash-style=gnu --eh-frame-hdr -m elf_i386 -pie -dynamic-linker /system/bin/linker -o cmTC_59f77 /Users/mafalda/Library/Android/sdk/ndk/27.0.12077973/toolchains/llvm/prebuilt/darwin-x86_64/sysroot/usr/lib/i686-linux-android/26/crtbegin_dynamic.o -L/Users/mafalda/Library/Android/sdk/ndk/27.0.12077973/toolchains/llvm/prebuilt/darwin-x86_64/lib/clang/18/lib/linux/i386 -L/Users/mafalda/Library/Android/sdk/ndk/27.0.12077973/toolchains/llvm/prebuilt/darwin-x86_64/sysroot/usr/lib/i686-linux-android/26 -L/Users/mafalda/Library/Android/sdk/ndk/27.0.12077973/toolchains/llvm/prebuilt/darwin-x86_64/sysroot/usr/lib/i686-linux-android -L/Users/mafalda/Library/Android/sdk/ndk/27.0.12077973/toolchains/llvm/prebuilt/darwin-x86_64/sysroot/usr/lib --build-id=sha1 --no-rosegment --no-undefined-version --fatal-warnings --no-undefined CMakeFiles/cmTC_59f77.dir/CMakeCCompilerABI.c.o /Users/mafalda/Library/Android/sdk/ndk/27.0.12077973/toolchains/llvm/prebuilt/darwin-x86_64/lib/clang/18/lib/linux/libclang_rt.builtins-i686-android.a -l:libunwind.a -ldl -lc /Users/mafalda/Library/Android/sdk/ndk/27.0.12077973/toolchains/llvm/prebuilt/darwin-x86_64/lib/clang/18/lib/linux/libclang_rt.builtins-i686-android.a -l:libunwind.a -ldl /Users/mafalda/Library/Android/sdk/ndk/27.0.12077973/toolchains/llvm/prebuilt/darwin-x86_64/sysroot/usr/lib/i686-linux-android/26/crtend_android.o]
    arg [/Users/mafalda/Library/Android/sdk/ndk/27.0.12077973/toolchains/llvm/prebuilt/darwin-x86_64/bin/ld.lld] ==> ignore
    arg [--sysroot=/Users/mafalda/Library/Android/sdk/ndk/27.0.12077973/toolchains/llvm/prebuilt/darwin-x86_64/sysroot] ==> ignore
    arg [-znow] ==> ignore
    arg [-zrelro] ==> ignore
    arg [--hash-style=gnu] ==> ignore
    arg [--eh-frame-hdr] ==> ignore
    arg [-m] ==> ignore
    arg [elf_i386] ==> ignore
    arg [-pie] ==> ignore
    arg [-dynamic-linker] ==> ignore
    arg [/system/bin/linker] ==> ignore
    arg [-o] ==> ignore
    arg [cmTC_59f77] ==> ignore
    arg [/Users/mafalda/Library/Android/sdk/ndk/27.0.12077973/toolchains/llvm/prebuilt/darwin-x86_64/sysroot/usr/lib/i686-linux-android/26/crtbegin_dynamic.o] ==> obj [/Users/mafalda/Library/Android/sdk/ndk/27.0.12077973/toolchains/llvm/prebuilt/darwin-x86_64/sysroot/usr/lib/i686-linux-android/26/crtbegin_dynamic.o]
    arg [-L/Users/mafalda/Library/Android/sdk/ndk/27.0.12077973/toolchains/llvm/prebuilt/darwin-x86_64/lib/clang/18/lib/linux/i386] ==> dir [/Users/mafalda/Library/Android/sdk/ndk/27.0.12077973/toolchains/llvm/prebuilt/darwin-x86_64/lib/clang/18/lib/linux/i386]
    arg [-L/Users/mafalda/Library/Android/sdk/ndk/27.0.12077973/toolchains/llvm/prebuilt/darwin-x86_64/sysroot/usr/lib/i686-linux-android/26] ==> dir [/Users/mafalda/Library/Android/sdk/ndk/27.0.12077973/toolchains/llvm/prebuilt/darwin-x86_64/sysroot/usr/lib/i686-linux-android/26]
    arg [-L/Users/mafalda/Library/Android/sdk/ndk/27.0.12077973/toolchains/llvm/prebuilt/darwin-x86_64/sysroot/usr/lib/i686-linux-android] ==> dir [/Users/mafalda/Library/Android/sdk/ndk/27.0.12077973/toolchains/llvm/prebuilt/darwin-x86_64/sysroot/usr/lib/i686-linux-android]
    arg [-L/Users/mafalda/Library/Android/sdk/ndk/27.0.12077973/toolchains/llvm/prebuilt/darwin-x86_64/sysroot/usr/lib] ==> dir [/Users/mafalda/Library/Android/sdk/ndk/27.0.12077973/toolchains/llvm/prebuilt/darwin-x86_64/sysroot/usr/lib]
    arg [--build-id=sha1] ==> ignore
    arg [--no-rosegment] ==> ignore
    arg [--no-undefined-version] ==> ignore
    arg [--fatal-warnings] ==> ignore
    arg [--no-undefined] ==> ignore
    arg [CMakeFiles/cmTC_59f77.dir/CMakeCCompilerABI.c.o] ==> ignore
    arg [/Users/mafalda/Library/Android/sdk/ndk/27.0.12077973/toolchains/llvm/prebuilt/darwin-x86_64/lib/clang/18/lib/linux/libclang_rt.builtins-i686-android.a] ==> lib [/Users/mafalda/Library/Android/sdk/ndk/27.0.12077973/toolchains/llvm/prebuilt/darwin-x86_64/lib/clang/18/lib/linux/libclang_rt.builtins-i686-android.a]
    arg [-l:libunwind.a] ==> lib [-l:libunwind.a]
    arg [-ldl] ==> lib [dl]
    arg [-lc] ==> lib [c]
    arg [/Users/mafalda/Library/Android/sdk/ndk/27.0.12077973/toolchains/llvm/prebuilt/darwin-x86_64/lib/clang/18/lib/linux/libclang_rt.builtins-i686-android.a] ==> lib [/Users/mafalda/Library/Android/sdk/ndk/27.0.12077973/toolchains/llvm/prebuilt/darwin-x86_64/lib/clang/18/lib/linux/libclang_rt.builtins-i686-android.a]
    arg [-l:libunwind.a] ==> lib [-l:libunwind.a]
    arg [-ldl] ==> lib [dl]
    arg [/Users/mafalda/Library/Android/sdk/ndk/27.0.12077973/toolchains/llvm/prebuilt/darwin-x86_64/sysroot/usr/lib/i686-linux-android/26/crtend_android.o] ==> obj [/Users/mafalda/Library/Android/sdk/ndk/27.0.12077973/toolchains/llvm/prebuilt/darwin-x86_64/sysroot/usr/lib/i686-linux-android/26/crtend_android.o]
  remove lib [/Users/mafalda/Library/Android/sdk/ndk/27.0.12077973/toolchains/llvm/prebuilt/darwin-x86_64/lib/clang/18/lib/linux/libclang_rt.builtins-i686-android.a]
  remove lib [/Users/mafalda/Library/Android/sdk/ndk/27.0.12077973/toolchains/llvm/prebuilt/darwin-x86_64/lib/clang/18/lib/linux/libclang_rt.builtins-i686-android.a]
  collapse library dir [/Users/mafalda/Library/Android/sdk/ndk/27.0.12077973/toolchains/llvm/prebuilt/darwin-x86_64/lib/clang/18/lib/linux/i386] ==> [/Users/mafalda/Library/Android/sdk/ndk/27.0.12077973/toolchains/llvm/prebuilt/darwin-x86_64/lib/clang/18/lib/linux/i386]
  collapse library dir [/Users/mafalda/Library/Android/sdk/ndk/27.0.12077973/toolchains/llvm/prebuilt/darwin-x86_64/sysroot/usr/lib/i686-linux-android/26] ==> [/Users/mafalda/Library/Android/sdk/ndk/27.0.12077973/toolchains/llvm/prebuilt/darwin-x86_64/sysroot/usr/lib/i686-linux-android/26]
  collapse library dir [/Users/mafalda/Library/Android/sdk/ndk/27.0.12077973/toolchains/llvm/prebuilt/darwin-x86_64/sysroot/usr/lib/i686-linux-android] ==> [/Users/mafalda/Library/Android/sdk/ndk/27.0.12077973/toolchains/llvm/prebuilt/darwin-x86_64/sysroot/usr/lib/i686-linux-android]
  collapse library dir [/Users/mafalda/Library/Android/sdk/ndk/27.0.12077973/toolchains/llvm/prebuilt/darwin-x86_64/sysroot/usr/lib] ==> [/Users/mafalda/Library/Android/sdk/ndk/27.0.12077973/toolchains/llvm/prebuilt/darwin-x86_64/sysroot/usr/lib]
  implicit libs: [-l:libunwind.a;dl;c;-l:libunwind.a;dl]
  implicit objs: [/Users/mafalda/Library/Android/sdk/ndk/27.0.12077973/toolchains/llvm/prebuilt/darwin-x86_64/sysroot/usr/lib/i686-linux-android/26/crtbegin_dynamic.o;/Users/mafalda/Library/Android/sdk/ndk/27.0.12077973/toolchains/llvm/prebuilt/darwin-x86_64/sysroot/usr/lib/i686-linux-android/26/crtend_android.o]
  implicit dirs: [/Users/mafalda/Library/Android/sdk/ndk/27.0.12077973/toolchains/llvm/prebuilt/darwin-x86_64/lib/clang/18/lib/linux/i386;/Users/mafalda/Library/Android/sdk/ndk/27.0.12077973/toolchains/llvm/prebuilt/darwin-x86_64/sysroot/usr/lib/i686-linux-android/26;/Users/mafalda/Library/Android/sdk/ndk/27.0.12077973/toolchains/llvm/prebuilt/darwin-x86_64/sysroot/usr/lib/i686-linux-android;/Users/mafalda/Library/Android/sdk/ndk/27.0.12077973/toolchains/llvm/prebuilt/darwin-x86_64/sysroot/usr/lib]
  implicit fwks: []


Detecting CXX compiler ABI info compiled with the following output:
Change Dir: /Users/mafalda/Documents/Operator/AudioCoderAndroid/AudioCoder/.cxx/Debug/1r555n2v/x86/CMakeFiles/CMakeTmp

Run Build Command(s):/usr/local/bin/ninja cmTC_db427 && [1/2] Building CXX object CMakeFiles/cmTC_db427.dir/CMakeCXXCompilerABI.cpp.o
Android (12027248, +pgo, -bolt, +lto, -mlgo, based on r522817) clang version 18.0.1 (https://android.googlesource.com/toolchain/llvm-project d8003a456d14a3deb8054cdaa529ffbf02d9b262)
Target: i686-none-linux-android26
Thread model: posix
InstalledDir: /Users/mafalda/Library/Android/sdk/ndk/27.0.12077973/toolchains/llvm/prebuilt/darwin-x86_64/bin
 (in-process)
 "/Users/mafalda/Library/Android/sdk/ndk/27.0.12077973/toolchains/llvm/prebuilt/darwin-x86_64/bin/clang++" -cc1 -triple i686-none-linux-android26 -emit-obj -mrelax-all -disable-free -clear-ast-before-backend -disable-llvm-verifier -discard-value-names -main-file-name CMakeCXXCompilerABI.cpp -mrelocation-model pic -pic-level 2 -pic-is-pie -mframe-pointer=all -ffp-contract=on -fno-rounding-math -mconstructor-aliases -funwind-tables=2 -target-cpu i686 -target-feature +ssse3 -tune-cpu generic -debug-info-kind=constructor -dwarf-version=4 -debugger-tuning=gdb -fdebug-compilation-dir=/Users/mafalda/Documents/Operator/AudioCoderAndroid/AudioCoder/.cxx/Debug/1r555n2v/x86/CMakeFiles/CMakeTmp -v -ffunction-sections -fdata-sections -fcoverage-compilation-dir=/Users/mafalda/Documents/Operator/AudioCoderAndroid/AudioCoder/.cxx/Debug/1r555n2v/x86/CMakeFiles/CMakeTmp -resource-dir /Users/mafalda/Library/Android/sdk/ndk/27.0.12077973/toolchains/llvm/prebuilt/darwin-x86_64/lib/clang/18 -dependency-file CMakeFiles/cmTC_db427.dir/CMakeCXXCompilerABI.cpp.o.d -MT CMakeFiles/cmTC_db427.dir/CMakeCXXCompilerABI.cpp.o -sys-header-deps -D ANDROID -D _FORTIFY_SOURCE=2 -isysroot /Users/mafalda/Library/Android/sdk/ndk/27.0.12077973/toolchains/llvm/prebuilt/darwin-x86_64/sysroot -internal-isystem /Users/mafalda/Library/Android/sdk/ndk/27.0.12077973/toolchains/llvm/prebuilt/darwin-x86_64/sysroot/usr/include/c++/v1 -internal-isystem /Users/mafalda/Library/Android/sdk/ndk/27.0.12077973/toolchains/llvm/prebuilt/darwin-x86_64/lib/clang/18/include -internal-isystem /Users/mafalda/Library/Android/sdk/ndk/27.0.12077973/toolchains/llvm/prebuilt/darwin-x86_64/sysroot/usr/local/include -internal-externc-isystem /Users/mafalda/Library/Android/sdk/ndk/27.0.12077973/toolchains/llvm/prebuilt/darwin-x86_64/sysroot/usr/include/i686-linux-android -internal-externc-isystem /Users/mafalda/Library/Android/sdk/ndk/27.0.12077973/toolchains/llvm/prebuilt/darwin-x86_64/sysroot/include -internal-externc-isystem /Users/mafalda/Library/Android/sdk/ndk/27.0.12077973/toolchains/llvm/prebuilt/darwin-x86_64/sysroot/usr/include -Wformat -fdeprecated-macro -ferror-limit 19 -femulated-tls -stack-protector 2 -fgnuc-version=4.2.1 -fcxx-exceptions -fexceptions -D__GCC_HAVE_DWARF2_CFI_ASM=1 -o CMakeFiles/cmTC_db427.dir/CMakeCXXCompilerABI.cpp.o -x c++ /usr/local/Cellar/cmake/3.22.1/share/cmake/Modules/CMakeCXXCompilerABI.cpp
clang -cc1 version 18.0.1 based upon LLVM 18.0.1 default target x86_64-apple-darwin23.6.0
ignoring nonexistent directory "/Users/mafalda/Library/Android/sdk/ndk/27.0.12077973/toolchains/llvm/prebuilt/darwin-x86_64/sysroot/usr/local/include"
ignoring nonexistent directory "/Users/mafalda/Library/Android/sdk/ndk/27.0.12077973/toolchains/llvm/prebuilt/darwin-x86_64/sysroot/include"
#include "..." search starts here:
#include <...> search starts here:
 /Users/mafalda/Library/Android/sdk/ndk/27.0.12077973/toolchains/llvm/prebuilt/darwin-x86_64/sysroot/usr/include/c++/v1
 /Users/mafalda/Library/Android/sdk/ndk/27.0.12077973/toolchains/llvm/prebuilt/darwin-x86_64/lib/clang/18/include
 /Users/mafalda/Library/Android/sdk/ndk/27.0.12077973/toolchains/llvm/prebuilt/darwin-x86_64/sysroot/usr/include/i686-linux-android
 /Users/mafalda/Library/Android/sdk/ndk/27.0.12077973/toolchains/llvm/prebuilt/darwin-x86_64/sysroot/usr/include
End of search list.
[2/2] Linking CXX executable cmTC_db427
Android (12027248, +pgo, -bolt, +lto, -mlgo, based on r522817) clang version 18.0.1 (https://android.googlesource.com/toolchain/llvm-project d8003a456d14a3deb8054cdaa529ffbf02d9b262)
Target: i686-none-linux-android26
Thread model: posix
InstalledDir: /Users/mafalda/Library/Android/sdk/ndk/27.0.12077973/toolchains/llvm/prebuilt/darwin-x86_64/bin
 "/Users/mafalda/Library/Android/sdk/ndk/27.0.12077973/toolchains/llvm/prebuilt/darwin-x86_64/bin/ld.lld" --sysroot=/Users/mafalda/Library/Android/sdk/ndk/27.0.12077973/toolchains/llvm/prebuilt/darwin-x86_64/sysroot -z now -z relro --hash-style=gnu --eh-frame-hdr -m elf_i386 -pie -dynamic-linker /system/bin/linker -o cmTC_db427 /Users/mafalda/Library/Android/sdk/ndk/27.0.12077973/toolchains/llvm/prebuilt/darwin-x86_64/sysroot/usr/lib/i686-linux-android/26/crtbegin_dynamic.o -L/Users/mafalda/Library/Android/sdk/ndk/27.0.12077973/toolchains/llvm/prebuilt/darwin-x86_64/lib/clang/18/lib/linux/i386 -L/Users/mafalda/Library/Android/sdk/ndk/27.0.12077973/toolchains/llvm/prebuilt/darwin-x86_64/sysroot/usr/lib/i686-linux-android/26 -L/Users/mafalda/Library/Android/sdk/ndk/27.0.12077973/toolchains/llvm/prebuilt/darwin-x86_64/sysroot/usr/lib/i686-linux-android -L/Users/mafalda/Library/Android/sdk/ndk/27.0.12077973/toolchains/llvm/prebuilt/darwin-x86_64/sysroot/usr/lib --build-id=sha1 --no-rosegment --no-undefined-version --fatal-warnings --no-undefined CMakeFiles/cmTC_db427.dir/CMakeCXXCompilerABI.cpp.o -Bstatic -lc++ -Bdynamic -lm /Users/mafalda/Library/Android/sdk/ndk/27.0.12077973/toolchains/llvm/prebuilt/darwin-x86_64/lib/clang/18/lib/linux/libclang_rt.builtins-i686-android.a -l:libunwind.a -ldl -lc /Users/mafalda/Library/Android/sdk/ndk/27.0.12077973/toolchains/llvm/prebuilt/darwin-x86_64/lib/clang/18/lib/linux/libclang_rt.builtins-i686-android.a -l:libunwind.a -ldl /Users/mafalda/Library/Android/sdk/ndk/27.0.12077973/toolchains/llvm/prebuilt/darwin-x86_64/sysroot/usr/lib/i686-linux-android/26/crtend_android.o



Parsed CXX implicit include dir info from above output: rv=done
  found start of include info
  found start of implicit include info
    add: [/Users/mafalda/Library/Android/sdk/ndk/27.0.12077973/toolchains/llvm/prebuilt/darwin-x86_64/sysroot/usr/include/c++/v1]
    add: [/Users/mafalda/Library/Android/sdk/ndk/27.0.12077973/toolchains/llvm/prebuilt/darwin-x86_64/lib/clang/18/include]
    add: [/Users/mafalda/Library/Android/sdk/ndk/27.0.12077973/toolchains/llvm/prebuilt/darwin-x86_64/sysroot/usr/include/i686-linux-android]
    add: [/Users/mafalda/Library/Android/sdk/ndk/27.0.12077973/toolchains/llvm/prebuilt/darwin-x86_64/sysroot/usr/include]
  end of search list found
  collapse include dir [/Users/mafalda/Library/Android/sdk/ndk/27.0.12077973/toolchains/llvm/prebuilt/darwin-x86_64/sysroot/usr/include/c++/v1] ==> [/Users/mafalda/Library/Android/sdk/ndk/27.0.12077973/toolchains/llvm/prebuilt/darwin-x86_64/sysroot/usr/include/c++/v1]
  collapse include dir [/Users/mafalda/Library/Android/sdk/ndk/27.0.12077973/toolchains/llvm/prebuilt/darwin-x86_64/lib/clang/18/include] ==> [/Users/mafalda/Library/Android/sdk/ndk/27.0.12077973/toolchains/llvm/prebuilt/darwin-x86_64/lib/clang/18/include]
  collapse include dir [/Users/mafalda/Library/Android/sdk/ndk/27.0.12077973/toolchains/llvm/prebuilt/darwin-x86_64/sysroot/usr/include/i686-linux-android] ==> [/Users/mafalda/Library/Android/sdk/ndk/27.0.12077973/toolchains/llvm/prebuilt/darwin-x86_64/sysroot/usr/include/i686-linux-android]
  collapse include dir [/Users/mafalda/Library/Android/sdk/ndk/27.0.12077973/toolchains/llvm/prebuilt/darwin-x86_64/sysroot/usr/include] ==> [/Users/mafalda/Library/Android/sdk/ndk/27.0.12077973/toolchains/llvm/prebuilt/darwin-x86_64/sysroot/usr/include]
  implicit include dirs: [/Users/mafalda/Library/Android/sdk/ndk/27.0.12077973/toolchains/llvm/prebuilt/darwin-x86_64/sysroot/usr/include/c++/v1;/Users/mafalda/Library/Android/sdk/ndk/27.0.12077973/toolchains/llvm/prebuilt/darwin-x86_64/lib/clang/18/include;/Users/mafalda/Library/Android/sdk/ndk/27.0.12077973/toolchains/llvm/prebuilt/darwin-x86_64/sysroot/usr/include/i686-linux-android;/Users/mafalda/Library/Android/sdk/ndk/27.0.12077973/toolchains/llvm/prebuilt/darwin-x86_64/sysroot/usr/include]


Parsed CXX implicit link information from above output:
  link line regex: [^( *|.*[/\])(ld\.lld|CMAKE_LINK_STARTFILE-NOTFOUND|([^/\]+-)?ld|collect2)[^/\]*( |$)]
  ignore line: [Change Dir: /Users/mafalda/Documents/Operator/AudioCoderAndroid/AudioCoder/.cxx/Debug/1r555n2v/x86/CMakeFiles/CMakeTmp]
  ignore line: []
  ignore line: [Run Build Command(s):/usr/local/bin/ninja cmTC_db427 && [1/2] Building CXX object CMakeFiles/cmTC_db427.dir/CMakeCXXCompilerABI.cpp.o]
  ignore line: [Android (12027248  +pgo  -bolt  +lto  -mlgo  based on r522817) clang version 18.0.1 (https://android.googlesource.com/toolchain/llvm-project d8003a456d14a3deb8054cdaa529ffbf02d9b262)]
  ignore line: [Target: i686-none-linux-android26]
  ignore line: [Thread model: posix]
  ignore line: [InstalledDir: /Users/mafalda/Library/Android/sdk/ndk/27.0.12077973/toolchains/llvm/prebuilt/darwin-x86_64/bin]
  ignore line: [ (in-process)]
  ignore line: [ "/Users/mafalda/Library/Android/sdk/ndk/27.0.12077973/toolchains/llvm/prebuilt/darwin-x86_64/bin/clang++" -cc1 -triple i686-none-linux-android26 -emit-obj -mrelax-all -disable-free -clear-ast-before-backend -disable-llvm-verifier -discard-value-names -main-file-name CMakeCXXCompilerABI.cpp -mrelocation-model pic -pic-level 2 -pic-is-pie -mframe-pointer=all -ffp-contract=on -fno-rounding-math -mconstructor-aliases -funwind-tables=2 -target-cpu i686 -target-feature +ssse3 -tune-cpu generic -debug-info-kind=constructor -dwarf-version=4 -debugger-tuning=gdb -fdebug-compilation-dir=/Users/mafalda/Documents/Operator/AudioCoderAndroid/AudioCoder/.cxx/Debug/1r555n2v/x86/CMakeFiles/CMakeTmp -v -ffunction-sections -fdata-sections -fcoverage-compilation-dir=/Users/mafalda/Documents/Operator/AudioCoderAndroid/AudioCoder/.cxx/Debug/1r555n2v/x86/CMakeFiles/CMakeTmp -resource-dir /Users/mafalda/Library/Android/sdk/ndk/27.0.12077973/toolchains/llvm/prebuilt/darwin-x86_64/lib/clang/18 -dependency-file CMakeFiles/cmTC_db427.dir/CMakeCXXCompilerABI.cpp.o.d -MT CMakeFiles/cmTC_db427.dir/CMakeCXXCompilerABI.cpp.o -sys-header-deps -D ANDROID -D _FORTIFY_SOURCE=2 -isysroot /Users/mafalda/Library/Android/sdk/ndk/27.0.12077973/toolchains/llvm/prebuilt/darwin-x86_64/sysroot -internal-isystem /Users/mafalda/Library/Android/sdk/ndk/27.0.12077973/toolchains/llvm/prebuilt/darwin-x86_64/sysroot/usr/include/c++/v1 -internal-isystem /Users/mafalda/Library/Android/sdk/ndk/27.0.12077973/toolchains/llvm/prebuilt/darwin-x86_64/lib/clang/18/include -internal-isystem /Users/mafalda/Library/Android/sdk/ndk/27.0.12077973/toolchains/llvm/prebuilt/darwin-x86_64/sysroot/usr/local/include -internal-externc-isystem /Users/mafalda/Library/Android/sdk/ndk/27.0.12077973/toolchains/llvm/prebuilt/darwin-x86_64/sysroot/usr/include/i686-linux-android -internal-externc-isystem /Users/mafalda/Library/Android/sdk/ndk/27.0.12077973/toolchains/llvm/prebuilt/darwin-x86_64/sysroot/include -internal-externc-isystem /Users/mafalda/Library/Android/sdk/ndk/27.0.12077973/toolchains/llvm/prebuilt/darwin-x86_64/sysroot/usr/include -Wformat -fdeprecated-macro -ferror-limit 19 -femulated-tls -stack-protector 2 -fgnuc-version=4.2.1 -fcxx-exceptions -fexceptions -D__GCC_HAVE_DWARF2_CFI_ASM=1 -o CMakeFiles/cmTC_db427.dir/CMakeCXXCompilerABI.cpp.o -x c++ /usr/local/Cellar/cmake/3.22.1/share/cmake/Modules/CMakeCXXCompilerABI.cpp]
  ignore line: [clang -cc1 version 18.0.1 based upon LLVM 18.0.1 default target x86_64-apple-darwin23.6.0]
  ignore line: [ignoring nonexistent directory "/Users/mafalda/Library/Android/sdk/ndk/27.0.12077973/toolchains/llvm/prebuilt/darwin-x86_64/sysroot/usr/local/include"]
  ignore line: [ignoring nonexistent directory "/Users/mafalda/Library/Android/sdk/ndk/27.0.12077973/toolchains/llvm/prebuilt/darwin-x86_64/sysroot/include"]
  ignore line: [#include "..." search starts here:]
  ignore line: [#include <...> search starts here:]
  ignore line: [ /Users/mafalda/Library/Android/sdk/ndk/27.0.12077973/toolchains/llvm/prebuilt/darwin-x86_64/sysroot/usr/include/c++/v1]
  ignore line: [ /Users/mafalda/Library/Android/sdk/ndk/27.0.12077973/toolchains/llvm/prebuilt/darwin-x86_64/lib/clang/18/include]
  ignore line: [ /Users/mafalda/Library/Android/sdk/ndk/27.0.12077973/toolchains/llvm/prebuilt/darwin-x86_64/sysroot/usr/include/i686-linux-android]
  ignore line: [ /Users/mafalda/Library/Android/sdk/ndk/27.0.12077973/toolchains/llvm/prebuilt/darwin-x86_64/sysroot/usr/include]
  ignore line: [End of search list.]
  ignore line: [[2/2] Linking CXX executable cmTC_db427]
  ignore line: [Android (12027248  +pgo  -bolt  +lto  -mlgo  based on r522817) clang version 18.0.1 (https://android.googlesource.com/toolchain/llvm-project d8003a456d14a3deb8054cdaa529ffbf02d9b262)]
  ignore line: [Target: i686-none-linux-android26]
  ignore line: [Thread model: posix]
  ignore line: [InstalledDir: /Users/mafalda/Library/Android/sdk/ndk/27.0.12077973/toolchains/llvm/prebuilt/darwin-x86_64/bin]
  link line: [ "/Users/mafalda/Library/Android/sdk/ndk/27.0.12077973/toolchains/llvm/prebuilt/darwin-x86_64/bin/ld.lld" --sysroot=/Users/mafalda/Library/Android/sdk/ndk/27.0.12077973/toolchains/llvm/prebuilt/darwin-x86_64/sysroot -z now -z relro --hash-style=gnu --eh-frame-hdr -m elf_i386 -pie -dynamic-linker /system/bin/linker -o cmTC_db427 /Users/mafalda/Library/Android/sdk/ndk/27.0.12077973/toolchains/llvm/prebuilt/darwin-x86_64/sysroot/usr/lib/i686-linux-android/26/crtbegin_dynamic.o -L/Users/mafalda/Library/Android/sdk/ndk/27.0.12077973/toolchains/llvm/prebuilt/darwin-x86_64/lib/clang/18/lib/linux/i386 -L/Users/mafalda/Library/Android/sdk/ndk/27.0.12077973/toolchains/llvm/prebuilt/darwin-x86_64/sysroot/usr/lib/i686-linux-android/26 -L/Users/mafalda/Library/Android/sdk/ndk/27.0.12077973/toolchains/llvm/prebuilt/darwin-x86_64/sysroot/usr/lib/i686-linux-android -L/Users/mafalda/Library/Android/sdk/ndk/27.0.12077973/toolchains/llvm/prebuilt/darwin-x86_64/sysroot/usr/lib --build-id=sha1 --no-rosegment --no-undefined-version --fatal-warnings --no-undefined CMakeFiles/cmTC_db427.dir/CMakeCXXCompilerABI.cpp.o -Bstatic -lc++ -Bdynamic -lm /Users/mafalda/Library/Android/sdk/ndk/27.0.12077973/toolchains/llvm/prebuilt/darwin-x86_64/lib/clang/18/lib/linux/libclang_rt.builtins-i686-android.a -l:libunwind.a -ldl -lc /Users/mafalda/Library/Android/sdk/ndk/27.0.12077973/toolchains/llvm/prebuilt/darwin-x86_64/lib/clang/18/lib/linux/libclang_rt.builtins-i686-android.a -l:libunwind.a -ldl /Users/mafalda/Library/Android/sdk/ndk/27.0.12077973/toolchains/llvm/prebuilt/darwin-x86_64/sysroot/usr/lib/i686-linux-android/26/crtend_android.o]
    arg [/Users/mafalda/Library/Android/sdk/ndk/27.0.12077973/toolchains/llvm/prebuilt/darwin-x86_64/bin/ld.lld] ==> ignore
    arg [--sysroot=/Users/mafalda/Library/Android/sdk/ndk/27.0.12077973/toolchains/llvm/prebuilt/darwin-x86_64/sysroot] ==> ignore
    arg [-znow] ==> ignore
    arg [-zrelro] ==> ignore
    arg [--hash-style=gnu] ==> ignore
    arg [--eh-frame-hdr] ==> ignore
    arg [-m] ==> ignore
    arg [elf_i386] ==> ignore
    arg [-pie] ==> ignore
    arg [-dynamic-linker] ==> ignore
    arg [/system/bin/linker] ==> ignore
    arg [-o] ==> ignore
    arg [cmTC_db427] ==> ignore
    arg [/Users/mafalda/Library/Android/sdk/ndk/27.0.12077973/toolchains/llvm/prebuilt/darwin-x86_64/sysroot/usr/lib/i686-linux-android/26/crtbegin_dynamic.o] ==> obj [/Users/mafalda/Library/Android/sdk/ndk/27.0.12077973/toolchains/llvm/prebuilt/darwin-x86_64/sysroot/usr/lib/i686-linux-android/26/crtbegin_dynamic.o]
    arg [-L/Users/mafalda/Library/Android/sdk/ndk/27.0.12077973/toolchains/llvm/prebuilt/darwin-x86_64/lib/clang/18/lib/linux/i386] ==> dir [/Users/mafalda/Library/Android/sdk/ndk/27.0.12077973/toolchains/llvm/prebuilt/darwin-x86_64/lib/clang/18/lib/linux/i386]
    arg [-L/Users/mafalda/Library/Android/sdk/ndk/27.0.12077973/toolchains/llvm/prebuilt/darwin-x86_64/sysroot/usr/lib/i686-linux-android/26] ==> dir [/Users/mafalda/Library/Android/sdk/ndk/27.0.12077973/toolchains/llvm/prebuilt/darwin-x86_64/sysroot/usr/lib/i686-linux-android/26]
    arg [-L/Users/mafalda/Library/Android/sdk/ndk/27.0.12077973/toolchains/llvm/prebuilt/darwin-x86_64/sysroot/usr/lib/i686-linux-android] ==> dir [/Users/mafalda/Library/Android/sdk/ndk/27.0.12077973/toolchains/llvm/prebuilt/darwin-x86_64/sysroot/usr/lib/i686-linux-android]
    arg [-L/Users/mafalda/Library/Android/sdk/ndk/27.0.12077973/toolchains/llvm/prebuilt/darwin-x86_64/sysroot/usr/lib] ==> dir [/Users/mafalda/Library/Android/sdk/ndk/27.0.12077973/toolchains/llvm/prebuilt/darwin-x86_64/sysroot/usr/lib]
    arg [--build-id=sha1] ==> ignore
    arg [--no-rosegment] ==> ignore
    arg [--no-undefined-version] ==> ignore
    arg [--fatal-warnings] ==> ignore
    arg [--no-undefined] ==> ignore
    arg [CMakeFiles/cmTC_db427.dir/CMakeCXXCompilerABI.cpp.o] ==> ignore
    arg [-Bstatic] ==> search static
    arg [-lc++] ==> lib [c++]
    arg [-Bdynamic] ==> search dynamic
    arg [-lm] ==> lib [m]
    arg [/Users/mafalda/Library/Android/sdk/ndk/27.0.12077973/toolchains/llvm/prebuilt/darwin-x86_64/lib/clang/18/lib/linux/libclang_rt.builtins-i686-android.a] ==> lib [/Users/mafalda/Library/Android/sdk/ndk/27.0.12077973/toolchains/llvm/prebuilt/darwin-x86_64/lib/clang/18/lib/linux/libclang_rt.builtins-i686-android.a]
    arg [-l:libunwind.a] ==> lib [-l:libunwind.a]
    arg [-ldl] ==> lib [dl]
    arg [-lc] ==> lib [c]
    arg [/Users/mafalda/Library/Android/sdk/ndk/27.0.12077973/toolchains/llvm/prebuilt/darwin-x86_64/lib/clang/18/lib/linux/libclang_rt.builtins-i686-android.a] ==> lib [/Users/mafalda/Library/Android/sdk/ndk/27.0.12077973/toolchains/llvm/prebuilt/darwin-x86_64/lib/clang/18/lib/linux/libclang_rt.builtins-i686-android.a]
    arg [-l:libunwind.a] ==> lib [-l:libunwind.a]
    arg [-ldl] ==> lib [dl]
    arg [/Users/mafalda/Library/Android/sdk/ndk/27.0.12077973/toolchains/llvm/prebuilt/darwin-x86_64/sysroot/usr/lib/i686-linux-android/26/crtend_android.o] ==> obj [/Users/mafalda/Library/Android/sdk/ndk/27.0.12077973/toolchains/llvm/prebuilt/darwin-x86_64/sysroot/usr/lib/i686-linux-android/26/crtend_android.o]
  remove lib [/Users/mafalda/Library/Android/sdk/ndk/27.0.12077973/toolchains/llvm/prebuilt/darwin-x86_64/lib/clang/18/lib/linux/libclang_rt.builtins-i686-android.a]
  remove lib [/Users/mafalda/Library/Android/sdk/ndk/27.0.12077973/toolchains/llvm/prebuilt/darwin-x86_64/lib/clang/18/lib/linux/libclang_rt.builtins-i686-android.a]
  collapse library dir [/Users/mafalda/Library/Android/sdk/ndk/27.0.12077973/toolchains/llvm/prebuilt/darwin-x86_64/lib/clang/18/lib/linux/i386] ==> [/Users/mafalda/Library/Android/sdk/ndk/27.0.12077973/toolchains/llvm/prebuilt/darwin-x86_64/lib/clang/18/lib/linux/i386]
  collapse library dir [/Users/mafalda/Library/Android/sdk/ndk/27.0.12077973/toolchains/llvm/prebuilt/darwin-x86_64/sysroot/usr/lib/i686-linux-android/26] ==> [/Users/mafalda/Library/Android/sdk/ndk/27.0.12077973/toolchains/llvm/prebuilt/darwin-x86_64/sysroot/usr/lib/i686-linux-android/26]
  collapse library dir [/Users/mafalda/Library/Android/sdk/ndk/27.0.12077973/toolchains/llvm/prebuilt/darwin-x86_64/sysroot/usr/lib/i686-linux-android] ==> [/Users/mafalda/Library/Android/sdk/ndk/27.0.12077973/toolchains/llvm/prebuilt/darwin-x86_64/sysroot/usr/lib/i686-linux-android]
  collapse library dir [/Users/mafalda/Library/Android/sdk/ndk/27.0.12077973/toolchains/llvm/prebuilt/darwin-x86_64/sysroot/usr/lib] ==> [/Users/mafalda/Library/Android/sdk/ndk/27.0.12077973/toolchains/llvm/prebuilt/darwin-x86_64/sysroot/usr/lib]
  implicit libs: [c++;m;-l:libunwind.a;dl;c;-l:libunwind.a;dl]
  implicit objs: [/Users/mafalda/Library/Android/sdk/ndk/27.0.12077973/toolchains/llvm/prebuilt/darwin-x86_64/sysroot/usr/lib/i686-linux-android/26/crtbegin_dynamic.o;/Users/mafalda/Library/Android/sdk/ndk/27.0.12077973/toolchains/llvm/prebuilt/darwin-x86_64/sysroot/usr/lib/i686-linux-android/26/crtend_android.o]
  implicit dirs: [/Users/mafalda/Library/Android/sdk/ndk/27.0.12077973/toolchains/llvm/prebuilt/darwin-x86_64/lib/clang/18/lib/linux/i386;/Users/mafalda/Library/Android/sdk/ndk/27.0.12077973/toolchains/llvm/prebuilt/darwin-x86_64/sysroot/usr/lib/i686-linux-android/26;/Users/mafalda/Library/Android/sdk/ndk/27.0.12077973/toolchains/llvm/prebuilt/darwin-x86_64/sysroot/usr/lib/i686-linux-android;/Users/mafalda/Library/Android/sdk/ndk/27.0.12077973/toolchains/llvm/prebuilt/darwin-x86_64/sysroot/usr/lib]
  implicit fwks: []


Determining if the include file alloca.h exists passed with the following output:
Change Dir: /Users/mafalda/Documents/Operator/AudioCoderAndroid/AudioCoder/.cxx/Debug/1r555n2v/x86/CMakeFiles/CMakeTmp

Run Build Command(s):/usr/local/bin/ninja cmTC_d6864 && [1/2] Building C object CMakeFiles/cmTC_d6864.dir/CheckIncludeFile.c.o
[2/2] Linking C executable cmTC_d6864



Determining if the include file dlfcn.h exists passed with the following output:
Change Dir: /Users/mafalda/Documents/Operator/AudioCoderAndroid/AudioCoder/.cxx/Debug/1r555n2v/x86/CMakeFiles/CMakeTmp

Run Build Command(s):/usr/local/bin/ninja cmTC_50035 && [1/2] Building C object CMakeFiles/cmTC_50035.dir/CheckIncludeFile.c.o
[2/2] Linking C executable cmTC_50035



Determining if the include file inttypes.h exists passed with the following output:
Change Dir: /Users/mafalda/Documents/Operator/AudioCoderAndroid/AudioCoder/.cxx/Debug/1r555n2v/x86/CMakeFiles/CMakeTmp

Run Build Command(s):/usr/local/bin/ninja cmTC_49845 && [1/2] Building C object CMakeFiles/cmTC_49845.dir/CheckIncludeFile.c.o
[2/2] Linking C executable cmTC_49845



Determining if the include file limits.h exists passed with the following output:
Change Dir: /Users/mafalda/Documents/Operator/AudioCoderAndroid/AudioCoder/.cxx/Debug/1r555n2v/x86/CMakeFiles/CMakeTmp

Run Build Command(s):/usr/local/bin/ninja cmTC_d1328 && [1/2] Building C object CMakeFiles/cmTC_d1328.dir/CheckIncludeFile.c.o
[2/2] Linking C executable cmTC_d1328



Determining if the include file malloc.h exists passed with the following output:
Change Dir: /Users/mafalda/Documents/Operator/AudioCoderAndroid/AudioCoder/.cxx/Debug/1r555n2v/x86/CMakeFiles/CMakeTmp

Run Build Command(s):/usr/local/bin/ninja cmTC_4b29e && [1/2] Building C object CMakeFiles/cmTC_4b29e.dir/CheckIncludeFile.c.o
[2/2] Linking C executable cmTC_4b29e



Determining if the include file memory.h exists passed with the following output:
Change Dir: /Users/mafalda/Documents/Operator/AudioCoderAndroid/AudioCoder/.cxx/Debug/1r555n2v/x86/CMakeFiles/CMakeTmp

Run Build Command(s):/usr/local/bin/ninja cmTC_1d712 && [1/2] Building C object CMakeFiles/cmTC_1d712.dir/CheckIncludeFile.c.o
[2/2] Linking C executable cmTC_1d712



Determining if the include file stddef.h exists passed with the following output:
Change Dir: /Users/mafalda/Documents/Operator/AudioCoderAndroid/AudioCoder/.cxx/Debug/1r555n2v/x86/CMakeFiles/CMakeTmp

Run Build Command(s):/usr/local/bin/ninja cmTC_dfa27 && [1/2] Building C object CMakeFiles/cmTC_dfa27.dir/CheckIncludeFile.c.o
[2/2] Linking C executable cmTC_dfa27



Determining if the include file stdint.h exists passed with the following output:
Change Dir: /Users/mafalda/Documents/Operator/AudioCoderAndroid/AudioCoder/.cxx/Debug/1r555n2v/x86/CMakeFiles/CMakeTmp

Run Build Command(s):/usr/local/bin/ninja cmTC_1b155 && [1/2] Building C object CMakeFiles/cmTC_1b155.dir/CheckIncludeFile.c.o
[2/2] Linking C executable cmTC_1b155



Determining if the include file stdlib.h exists passed with the following output:
Change Dir: /Users/mafalda/Documents/Operator/AudioCoderAndroid/AudioCoder/.cxx/Debug/1r555n2v/x86/CMakeFiles/CMakeTmp

Run Build Command(s):/usr/local/bin/ninja cmTC_348c1 && [1/2] Building C object CMakeFiles/cmTC_348c1.dir/CheckIncludeFile.c.o
[2/2] Linking C executable cmTC_348c1



Determining if the include file string.h exists passed with the following output:
Change Dir: /Users/mafalda/Documents/Operator/AudioCoderAndroid/AudioCoder/.cxx/Debug/1r555n2v/x86/CMakeFiles/CMakeTmp

Run Build Command(s):/usr/local/bin/ninja cmTC_d4375 && [1/2] Building C object CMakeFiles/cmTC_d4375.dir/CheckIncludeFile.c.o
[2/2] Linking C executable cmTC_d4375



Determining if the include file strings.h exists passed with the following output:
Change Dir: /Users/mafalda/Documents/Operator/AudioCoderAndroid/AudioCoder/.cxx/Debug/1r555n2v/x86/CMakeFiles/CMakeTmp

Run Build Command(s):/usr/local/bin/ninja cmTC_8c852 && [1/2] Building C object CMakeFiles/cmTC_8c852.dir/CheckIncludeFile.c.o
[2/2] Linking C executable cmTC_8c852



Determining if the include file sys/types.h exists passed with the following output:
Change Dir: /Users/mafalda/Documents/Operator/AudioCoderAndroid/AudioCoder/.cxx/Debug/1r555n2v/x86/CMakeFiles/CMakeTmp

Run Build Command(s):/usr/local/bin/ninja cmTC_52156 && [1/2] Building C object CMakeFiles/cmTC_52156.dir/CheckIncludeFile.c.o
[2/2] Linking C executable cmTC_52156



Determining if the include file sys/time.h exists passed with the following output:
Change Dir: /Users/mafalda/Documents/Operator/AudioCoderAndroid/AudioCoder/.cxx/Debug/1r555n2v/x86/CMakeFiles/CMakeTmp

Run Build Command(s):/usr/local/bin/ninja cmTC_1ac9b && [1/2] Building C object CMakeFiles/cmTC_1ac9b.dir/CheckIncludeFile.c.o
[2/2] Linking C executable cmTC_1ac9b



Determining if the include file sys/stat.h exists passed with the following output:
Change Dir: /Users/mafalda/Documents/Operator/AudioCoderAndroid/AudioCoder/.cxx/Debug/1r555n2v/x86/CMakeFiles/CMakeTmp

Run Build Command(s):/usr/local/bin/ninja cmTC_be9d5 && [1/2] Building C object CMakeFiles/cmTC_be9d5.dir/CheckIncludeFile.c.o
[2/2] Linking C executable cmTC_be9d5



Determining if the include file time.h exists passed with the following output:
Change Dir: /Users/mafalda/Documents/Operator/AudioCoderAndroid/AudioCoder/.cxx/Debug/1r555n2v/x86/CMakeFiles/CMakeTmp

Run Build Command(s):/usr/local/bin/ninja cmTC_531f1 && [1/2] Building C object CMakeFiles/cmTC_531f1.dir/CheckIncludeFile.c.o
[2/2] Linking C executable cmTC_531f1



Determining if the include file unistd.h exists passed with the following output:
Change Dir: /Users/mafalda/Documents/Operator/AudioCoderAndroid/AudioCoder/.cxx/Debug/1r555n2v/x86/CMakeFiles/CMakeTmp

Run Build Command(s):/usr/local/bin/ninja cmTC_39e00 && [1/2] Building C object CMakeFiles/cmTC_39e00.dir/CheckIncludeFile.c.o
[2/2] Linking C executable cmTC_39e00



Determining if the prototype drand48 exists for HAVE_DECL_DRAND48 passed with the following output:
Change Dir: /Users/mafalda/Documents/Operator/AudioCoderAndroid/AudioCoder/.cxx/Debug/1r555n2v/x86/CMakeFiles/CMakeTmp

Run Build Command(s):/usr/local/bin/ninja cmTC_929d1 && [1/2] Building C object CMakeFiles/cmTC_929d1.dir/CheckPrototypeDefinition.c.o
[2/2] Linking C executable cmTC_929d1



Determining if the prototype cosl exists for HAVE_DECL_COSL passed with the following output:
Change Dir: /Users/mafalda/Documents/Operator/AudioCoderAndroid/AudioCoder/.cxx/Debug/1r555n2v/x86/CMakeFiles/CMakeTmp

Run Build Command(s):/usr/local/bin/ninja cmTC_f4388 && [1/2] Building C object CMakeFiles/cmTC_f4388.dir/CheckPrototypeDefinition.c.o
[2/2] Linking C executable cmTC_f4388



Determining if the prototype sinl exists for HAVE_DECL_SINL passed with the following output:
Change Dir: /Users/mafalda/Documents/Operator/AudioCoderAndroid/AudioCoder/.cxx/Debug/1r555n2v/x86/CMakeFiles/CMakeTmp

Run Build Command(s):/usr/local/bin/ninja cmTC_51409 && [1/2] Building C object CMakeFiles/cmTC_51409.dir/CheckPrototypeDefinition.c.o
[2/2] Linking C executable cmTC_51409



Determining if the prototype memalign exists for HAVE_DECL_MEMALIGN passed with the following output:
Change Dir: /Users/mafalda/Documents/Operator/AudioCoderAndroid/AudioCoder/.cxx/Debug/1r555n2v/x86/CMakeFiles/CMakeTmp

Run Build Command(s):/usr/local/bin/ninja cmTC_e75a8 && [1/2] Building C object CMakeFiles/cmTC_e75a8.dir/CheckPrototypeDefinition.c.o
[2/2] Linking C executable cmTC_e75a8



Determining if the prototype posix_memalign exists for HAVE_DECL_POSIX_MEMALIGN passed with the following output:
Change Dir: /Users/mafalda/Documents/Operator/AudioCoderAndroid/AudioCoder/.cxx/Debug/1r555n2v/x86/CMakeFiles/CMakeTmp

Run Build Command(s):/usr/local/bin/ninja cmTC_b6fff && [1/2] Building C object CMakeFiles/cmTC_b6fff.dir/CheckPrototypeDefinition.c.o
[2/2] Linking C executable cmTC_b6fff



Determining if the clock_gettime exist passed with the following output:
Change Dir: /Users/mafalda/Documents/Operator/AudioCoderAndroid/AudioCoder/.cxx/Debug/1r555n2v/x86/CMakeFiles/CMakeTmp

Run Build Command(s):/usr/local/bin/ninja cmTC_b094b && [1/2] Building C object CMakeFiles/cmTC_b094b.dir/CheckSymbolExists.c.o
[2/2] Linking C executable cmTC_b094b


File /Users/mafalda/Documents/Operator/AudioCoderAndroid/AudioCoder/.cxx/Debug/1r555n2v/x86/CMakeFiles/CMakeTmp/CheckSymbolExists.c:
/* */
#include <time.h>

int main(int argc, char** argv)
{
  (void)argv;
#ifndef clock_gettime
  return ((int*)(&clock_gettime))[argc];
#else
  (void)argc;
  return 0;
#endif
}
Determining if the gettimeofday exist passed with the following output:
Change Dir: /Users/mafalda/Documents/Operator/AudioCoderAndroid/AudioCoder/.cxx/Debug/1r555n2v/x86/CMakeFiles/CMakeTmp

Run Build Command(s):/usr/local/bin/ninja cmTC_b1602 && [1/2] Building C object CMakeFiles/cmTC_b1602.dir/CheckSymbolExists.c.o
[2/2] Linking C executable cmTC_b1602


File /Users/mafalda/Documents/Operator/AudioCoderAndroid/AudioCoder/.cxx/Debug/1r555n2v/x86/CMakeFiles/CMakeTmp/CheckSymbolExists.c:
/* */
#include <sys/time.h>

int main(int argc, char** argv)
{
  (void)argv;
#ifndef gettimeofday
  return ((int*)(&gettimeofday))[argc];
#else
  (void)argc;
  return 0;
#endif
}
Determining if the getpagesize exist passed with the following output:
Change Dir: /Users/mafalda/Documents/Operator/AudioCoderAndroid/AudioCoder/.cxx/Debug/1r555n2v/x86/CMakeFiles/CMakeTmp

Run Build Command(s):/usr/local/bin/ninja cmTC_27aa2 && [1/2] Building C object CMakeFiles/cmTC_27aa2.dir/CheckSymbolExists.c.o
[2/2] Linking C executable cmTC_27aa2


File /Users/mafalda/Documents/Operator/AudioCoderAndroid/AudioCoder/.cxx/Debug/1r555n2v/x86/CMakeFiles/CMakeTmp/CheckSymbolExists.c:
/* */
#include <unistd.h>

int main(int argc, char** argv)
{
  (void)argv;
#ifndef getpagesize
  return ((int*)(&getpagesize))[argc];
#else
  (void)argc;
  return 0;
#endif
}
Determining if the drand48 exist passed with the following output:
Change Dir: /Users/mafalda/Documents/Operator/AudioCoderAndroid/AudioCoder/.cxx/Debug/1r555n2v/x86/CMakeFiles/CMakeTmp

Run Build Command(s):/usr/local/bin/ninja cmTC_7c865 && [1/2] Building C object CMakeFiles/cmTC_7c865.dir/CheckSymbolExists.c.o
[2/2] Linking C executable cmTC_7c865


File /Users/mafalda/Documents/Operator/AudioCoderAndroid/AudioCoder/.cxx/Debug/1r555n2v/x86/CMakeFiles/CMakeTmp/CheckSymbolExists.c:
/* */
#include <stdlib.h>

int main(int argc, char** argv)
{
  (void)argv;
#ifndef drand48
  return ((int*)(&drand48))[argc];
#else
  (void)argc;
  return 0;
#endif
}
Determining if the srand48 exist passed with the following output:
Change Dir: /Users/mafalda/Documents/Operator/AudioCoderAndroid/AudioCoder/.cxx/Debug/1r555n2v/x86/CMakeFiles/CMakeTmp

Run Build Command(s):/usr/local/bin/ninja cmTC_790fa && [1/2] Building C object CMakeFiles/cmTC_790fa.dir/CheckSymbolExists.c.o
[2/2] Linking C executable cmTC_790fa


File /Users/mafalda/Documents/Operator/AudioCoderAndroid/AudioCoder/.cxx/Debug/1r555n2v/x86/CMakeFiles/CMakeTmp/CheckSymbolExists.c:
/* */
#include <stdlib.h>

int main(int argc, char** argv)
{
  (void)argv;
#ifndef srand48
  return ((int*)(&srand48))[argc];
#else
  (void)argc;
  return 0;
#endif
}
Determining if the memalign exist passed with the following output:
Change Dir: /Users/mafalda/Documents/Operator/AudioCoderAndroid/AudioCoder/.cxx/Debug/1r555n2v/x86/CMakeFiles/CMakeTmp

Run Build Command(s):/usr/local/bin/ninja cmTC_41185 && [1/2] Building C object CMakeFiles/cmTC_41185.dir/CheckSymbolExists.c.o
[2/2] Linking C executable cmTC_41185


File /Users/mafalda/Documents/Operator/AudioCoderAndroid/AudioCoder/.cxx/Debug/1r555n2v/x86/CMakeFiles/CMakeTmp/CheckSymbolExists.c:
/* */
#include <malloc.h>

int main(int argc, char** argv)
{
  (void)argv;
#ifndef memalign
  return ((int*)(&memalign))[argc];
#else
  (void)argc;
  return 0;
#endif
}
Determining if the posix_memalign exist passed with the following output:
Change Dir: /Users/mafalda/Documents/Operator/AudioCoderAndroid/AudioCoder/.cxx/Debug/1r555n2v/x86/CMakeFiles/CMakeTmp

Run Build Command(s):/usr/local/bin/ninja cmTC_239e4 && [1/2] Building C object CMakeFiles/cmTC_239e4.dir/CheckSymbolExists.c.o
[2/2] Linking C executable cmTC_239e4


File /Users/mafalda/Documents/Operator/AudioCoderAndroid/AudioCoder/.cxx/Debug/1r555n2v/x86/CMakeFiles/CMakeTmp/CheckSymbolExists.c:
/* */
#include <stdlib.h>

int main(int argc, char** argv)
{
  (void)argv;
#ifndef posix_memalign
  return ((int*)(&posix_memalign))[argc];
#else
  (void)argc;
  return 0;
#endif
}
Determining if the alloca exist passed with the following output:
Change Dir: /Users/mafalda/Documents/Operator/AudioCoderAndroid/AudioCoder/.cxx/Debug/1r555n2v/x86/CMakeFiles/CMakeTmp

Run Build Command(s):/usr/local/bin/ninja cmTC_726bb && [1/2] Building C object CMakeFiles/cmTC_726bb.dir/CheckSymbolExists.c.o
[2/2] Linking C executable cmTC_726bb


File /Users/mafalda/Documents/Operator/AudioCoderAndroid/AudioCoder/.cxx/Debug/1r555n2v/x86/CMakeFiles/CMakeTmp/CheckSymbolExists.c:
/* */
#include <alloca.h>

int main(int argc, char** argv)
{
  (void)argv;
#ifndef alloca
  return ((int*)(&alloca))[argc];
#else
  (void)argc;
  return 0;
#endif
}
Determining if the isnan exist passed with the following output:
Change Dir: /Users/mafalda/Documents/Operator/AudioCoderAndroid/AudioCoder/.cxx/Debug/1r555n2v/x86/CMakeFiles/CMakeTmp

Run Build Command(s):/usr/local/bin/ninja cmTC_af583 && [1/2] Building C object CMakeFiles/cmTC_af583.dir/CheckSymbolExists.c.o
[2/2] Linking C executable cmTC_af583


File /Users/mafalda/Documents/Operator/AudioCoderAndroid/AudioCoder/.cxx/Debug/1r555n2v/x86/CMakeFiles/CMakeTmp/CheckSymbolExists.c:
/* */
#include <math.h>

int main(int argc, char** argv)
{
  (void)argv;
#ifndef isnan
  return ((int*)(&isnan))[argc];
#else
  (void)argc;
  return 0;
#endif
}
Determining if the snprintf exist passed with the following output:
Change Dir: /Users/mafalda/Documents/Operator/AudioCoderAndroid/AudioCoder/.cxx/Debug/1r555n2v/x86/CMakeFiles/CMakeTmp

Run Build Command(s):/usr/local/bin/ninja cmTC_562de && [1/2] Building C object CMakeFiles/cmTC_562de.dir/CheckSymbolExists.c.o
[2/2] Linking C executable cmTC_562de


File /Users/mafalda/Documents/Operator/AudioCoderAndroid/AudioCoder/.cxx/Debug/1r555n2v/x86/CMakeFiles/CMakeTmp/CheckSymbolExists.c:
/* */
#include <stdio.h>

int main(int argc, char** argv)
{
  (void)argv;
#ifndef snprintf
  return ((int*)(&snprintf))[argc];
#else
  (void)argc;
  return 0;
#endif
}
Determining if the strchr exist passed with the following output:
Change Dir: /Users/mafalda/Documents/Operator/AudioCoderAndroid/AudioCoder/.cxx/Debug/1r555n2v/x86/CMakeFiles/CMakeTmp

Run Build Command(s):/usr/local/bin/ninja cmTC_32f73 && [1/2] Building C object CMakeFiles/cmTC_32f73.dir/CheckSymbolExists.c.o
[2/2] Linking C executable cmTC_32f73


File /Users/mafalda/Documents/Operator/AudioCoderAndroid/AudioCoder/.cxx/Debug/1r555n2v/x86/CMakeFiles/CMakeTmp/CheckSymbolExists.c:
/* */
#include <string.h>

int main(int argc, char** argv)
{
  (void)argv;
#ifndef strchr
  return ((int*)(&strchr))[argc];
#else
  (void)argc;
  return 0;
#endif
}
Determining if the cosl exist passed with the following output:
Change Dir: /Users/mafalda/Documents/Operator/AudioCoderAndroid/AudioCoder/.cxx/Debug/1r555n2v/x86/CMakeFiles/CMakeTmp

Run Build Command(s):/usr/local/bin/ninja cmTC_51d82 && [1/2] Building C object CMakeFiles/cmTC_51d82.dir/CheckSymbolExists.c.o
[2/2] Linking C executable cmTC_51d82


File /Users/mafalda/Documents/Operator/AudioCoderAndroid/AudioCoder/.cxx/Debug/1r555n2v/x86/CMakeFiles/CMakeTmp/CheckSymbolExists.c:
/* */
#include <math.h>

int main(int argc, char** argv)
{
  (void)argv;
#ifndef cosl
  return ((int*)(&cosl))[argc];
#else
  (void)argc;
  return 0;
#endif
}
Determining if the sinl exist passed with the following output:
Change Dir: /Users/mafalda/Documents/Operator/AudioCoderAndroid/AudioCoder/.cxx/Debug/1r555n2v/x86/CMakeFiles/CMakeTmp

Run Build Command(s):/usr/local/bin/ninja cmTC_fe280 && [1/2] Building C object CMakeFiles/cmTC_fe280.dir/CheckSymbolExists.c.o
[2/2] Linking C executable cmTC_fe280


File /Users/mafalda/Documents/Operator/AudioCoderAndroid/AudioCoder/.cxx/Debug/1r555n2v/x86/CMakeFiles/CMakeTmp/CheckSymbolExists.c:
/* */
#include <math.h>

int main(int argc, char** argv)
{
  (void)argv;
#ifndef sinl
  return ((int*)(&sinl))[argc];
#else
  (void)argc;
  return 0;
#endif
}
Determining size of float passed with the following output:
Change Dir: /Users/mafalda/Documents/Operator/AudioCoderAndroid/AudioCoder/.cxx/Debug/1r555n2v/x86/CMakeFiles/CMakeTmp

Run Build Command(s):/usr/local/bin/ninja cmTC_2d133 && [1/2] Building C object CMakeFiles/cmTC_2d133.dir/SIZEOF_FLOAT.c.o
[2/2] Linking C executable cmTC_2d133



Determining size of double passed with the following output:
Change Dir: /Users/mafalda/Documents/Operator/AudioCoderAndroid/AudioCoder/.cxx/Debug/1r555n2v/x86/CMakeFiles/CMakeTmp

Run Build Command(s):/usr/local/bin/ninja cmTC_9ac4f && [1/2] Building C object CMakeFiles/cmTC_9ac4f.dir/SIZEOF_DOUBLE.c.o
[2/2] Linking C executable cmTC_9ac4f



Determining size of int passed with the following output:
Change Dir: /Users/mafalda/Documents/Operator/AudioCoderAndroid/AudioCoder/.cxx/Debug/1r555n2v/x86/CMakeFiles/CMakeTmp

Run Build Command(s):/usr/local/bin/ninja cmTC_ad66b && [1/2] Building C object CMakeFiles/cmTC_ad66b.dir/SIZEOF_INT.c.o
[2/2] Linking C executable cmTC_ad66b



Determining size of long passed with the following output:
Change Dir: /Users/mafalda/Documents/Operator/AudioCoderAndroid/AudioCoder/.cxx/Debug/1r555n2v/x86/CMakeFiles/CMakeTmp

Run Build Command(s):/usr/local/bin/ninja cmTC_41508 && [1/2] Building C object CMakeFiles/cmTC_41508.dir/SIZEOF_LONG.c.o
[2/2] Linking C executable cmTC_41508



Determining size of long long passed with the following output:
Change Dir: /Users/mafalda/Documents/Operator/AudioCoderAndroid/AudioCoder/.cxx/Debug/1r555n2v/x86/CMakeFiles/CMakeTmp

Run Build Command(s):/usr/local/bin/ninja cmTC_a6b71 && [1/2] Building C object CMakeFiles/cmTC_a6b71.dir/SIZEOF_LONG_LONG.c.o
[2/2] Linking C executable cmTC_a6b71



Determining size of unsigned int passed with the following output:
Change Dir: /Users/mafalda/Documents/Operator/AudioCoderAndroid/AudioCoder/.cxx/Debug/1r555n2v/x86/CMakeFiles/CMakeTmp

Run Build Command(s):/usr/local/bin/ninja cmTC_26fda && [1/2] Building C object CMakeFiles/cmTC_26fda.dir/SIZEOF_UNSIGNED_INT.c.o
[2/2] Linking C executable cmTC_26fda



Determining size of unsigned long passed with the following output:
Change Dir: /Users/mafalda/Documents/Operator/AudioCoderAndroid/AudioCoder/.cxx/Debug/1r555n2v/x86/CMakeFiles/CMakeTmp

Run Build Command(s):/usr/local/bin/ninja cmTC_fcd11 && [1/2] Building C object CMakeFiles/cmTC_fcd11.dir/SIZEOF_UNSIGNED_LONG.c.o
[2/2] Linking C executable cmTC_fcd11



Determining size of unsigned long long passed with the following output:
Change Dir: /Users/mafalda/Documents/Operator/AudioCoderAndroid/AudioCoder/.cxx/Debug/1r555n2v/x86/CMakeFiles/CMakeTmp

Run Build Command(s):/usr/local/bin/ninja cmTC_b5e93 && [1/2] Building C object CMakeFiles/cmTC_b5e93.dir/SIZEOF_UNSIGNED_LONG_LONG.c.o
[2/2] Linking C executable cmTC_b5e93



Determining size of size_t passed with the following output:
Change Dir: /Users/mafalda/Documents/Operator/AudioCoderAndroid/AudioCoder/.cxx/Debug/1r555n2v/x86/CMakeFiles/CMakeTmp

Run Build Command(s):/usr/local/bin/ninja cmTC_7fc93 && [1/2] Building C object CMakeFiles/cmTC_7fc93.dir/SIZEOF_SIZE_T.c.o
[2/2] Linking C executable cmTC_7fc93



Determining size of ptrdiff_t passed with the following output:
Change Dir: /Users/mafalda/Documents/Operator/AudioCoderAndroid/AudioCoder/.cxx/Debug/1r555n2v/x86/CMakeFiles/CMakeTmp

Run Build Command(s):/usr/local/bin/ninja cmTC_7350b && [1/2] Building C object CMakeFiles/cmTC_7350b.dir/SIZEOF_PTRDIFF_T.c.o
[2/2] Linking C executable cmTC_7350b



